<?xml version="1.0" encoding="UTF-8"?>
<testsuite name="co.edu.unal.paralela.OneDimAveragingPhaserTest" time="304.088" tests="1" errors="0" skipped="0" failures="1">
  <properties>
[...]
</properties>
  <testcase name="testFuzzyBarrier" classname="co.edu.unal.paralela.OneDimAveragingPhaserTest" time="304.088">
    <failure message="It was expected that the fuzzy barrier parallel implementation would run 1.100000x faster than the barrier implementation, but it only achieved 1.032761x speedup" type="junit.framework.AssertionFailedError">junit.framework.AssertionFailedError: It was expected that the fuzzy barrier parallel implementation would run 1.100000x faster than the barrier implementation, but it only achieved 1.032761x speedup
	at junit.framework.Assert.fail(Assert.java:47)
	at junit.framework.Assert.assertTrue(Assert.java:20)
	at co.edu.unal.paralela.OneDimAveragingPhaserTest.testFuzzyBarrier(OneDimAveragingPhaserTest.java:122)
</failure>
  </testcase>
</testsuite>